2026-02-22 16:17:16 +0000: MOVEMENT -> REQUEST: play wheels on the bus super simple songs
2026-02-22 16:17:16 +0000: MOVEMENT -> REQUEST: play funny baby giggling videos
2026-02-22 16:17:16 +0000: MOVEMENT -> REQUEST: play wheels on the bus super simple songs
2026-02-22 16:17:17 +0000: MOVEMENT -> REQUEST: play wheels on the bus super simple songs
2026-02-22 16:17:17 +0000: MOVEMENT -> REQUEST: play disney lullabies
2026-02-22 16:17:18 +0000: MOVEMENT -> REQUEST: play cocomelon nursery rhymes
2026-02-22 16:17:18 +0000: MOVEMENT -> REQUEST: play funny baby giggling videos
2026-02-22 16:17:19 +0000: MOVEMENT -> REQUEST: play disney lullabies
2026-02-22 16:17:19 +0000: MOVEMENT -> REQUEST: play cocomelon nursery rhymes
2026-02-22 16:17:20 +0000: MOVEMENT -> REQUEST: play funny baby giggling videos
2026-02-22 16:17:20 +0000: MOVEMENT -> REQUEST: play baby shark dance
2026-02-22 16:17:21 +0000: MOVEMENT -> REQUEST: play wheels on the bus super simple songs
2026-02-22 16:17:21 +0000: MOVEMENT -> REQUEST: play wheels on the bus super simple songs
2026-02-22 16:17:22 +0000: MOVEMENT -> REQUEST: play disney lullabies
2026-02-22 16:17:22 +0000: MOVEMENT -> REQUEST: play cocomelon nursery rhymes
2026-02-22 16:17:23 +0000: MOVEMENT -> REQUEST: play baby shark dance
2026-02-22 16:17:23 +0000: MOVEMENT -> REQUEST: play wheels on the bus super simple songs
2026-02-22 16:17:24 +0000: MOVEMENT -> REQUEST: play cocomelon nursery rhymes
2026-02-22 16:17:24 +0000: MOVEMENT -> REQUEST: play cocomelon nursery rhymes
2026-02-22 16:17:25 +0000: MOVEMENT -> REQUEST: play cocomelon nursery rhymes
2026-02-22 16:17:25 +0000: MOVEMENT -> REQUEST: play baby shark dance
2026-02-22 16:17:25 +0000: MOVEMENT -> REQUEST: play baby shark dance
2026-02-22 16:17:26 +0000: MOVEMENT -> REQUEST: play cocomelon nursery rhymes
2026-02-22 16:17:26 +0000: MOVEMENT -> REQUEST: play cocomelon nursery rhymes
2026-02-22 16:17:27 +0000: MOVEMENT -> REQUEST: play baby shark dance
2026-02-22 16:17:27 +0000: MOVEMENT -> REQUEST: play funny baby giggling videos
2026-02-22 16:17:28 +0000: MOVEMENT -> REQUEST: play disney lullabies
2026-02-22 16:17:28 +0000: MOVEMENT -> REQUEST: play cocomelon nursery rhymes
2026-02-22 16:17:29 +0000: MOVEMENT -> REQUEST: play funny baby giggling videos
2026-02-22 16:17:29 +0000: MOVEMENT -> REQUEST: play disney lullabies
2026-02-22 16:17:30 +0000: MOVEMENT -> REQUEST: play cocomelon nursery rhymes
2026-02-22 16:17:30 +0000: MOVEMENT -> REQUEST: play baby shark dance
2026-02-22 16:17:31 +0000: MOVEMENT -> REQUEST: play wheels on the bus super simple songs
2026-02-22 16:17:31 +0000: MOVEMENT -> REQUEST: play baby shark dance
2026-02-22 16:17:32 +0000: MOVEMENT -> REQUEST: play cocomelon nursery rhymes
2026-02-22 16:17:32 +0000: MOVEMENT -> REQUEST: play cocomelon nursery rhymes
2026-02-22 16:17:33 +0000: MOVEMENT -> REQUEST: play funny baby giggling videos
2026-02-22 16:17:33 +0000: MOVEMENT -> REQUEST: play disney lullabies
2026-02-22 16:17:34 +0000: MOVEMENT -> REQUEST: play baby shark dance
2026-02-22 16:17:34 +0000: MOVEMENT -> REQUEST: play cocomelon nursery rhymes
2026-02-22 16:17:34 +0000: MOVEMENT -> REQUEST: play baby shark dance
2026-02-22 16:17:35 +0000: MOVEMENT -> REQUEST: play disney lullabies
2026-02-22 16:17:35 +0000: MOVEMENT -> REQUEST: play funny baby giggling videos
2026-02-22 16:17:36 +0000: MOVEMENT -> REQUEST: play cocomelon nursery rhymes
2026-02-22 16:17:36 +0000: MOVEMENT -> REQUEST: play baby shark dance
2026-02-22 16:17:37 +0000: MOVEMENT -> REQUEST: play wheels on the bus super simple songs
2026-02-22 16:17:37 +0000: MOVEMENT -> REQUEST: play baby shark dance
2026-02-22 16:17:38 +0000: MOVEMENT -> REQUEST: play baby shark dance
2026-02-22 16:17:38 +0000: MOVEMENT -> REQUEST: play wheels on the bus super simple songs
2026-02-22 16:17:39 +0000: MOVEMENT -> REQUEST: play funny baby giggling videos
2026-02-22 16:17:39 +0000: MOVEMENT -> REQUEST: play baby shark dance
2026-02-22 16:17:40 +0000: MOVEMENT -> REQUEST: play disney lullabies
2026-02-22 16:17:40 +0000: MOVEMENT -> REQUEST: play disney lullabies
2026-02-22 16:17:41 +0000: MOVEMENT -> REQUEST: play baby shark dance
2026-02-22 16:17:41 +0000: MOVEMENT -> REQUEST: play disney lullabies
2026-02-22 16:17:42 +0000: MOVEMENT -> REQUEST: play disney lullabies
2026-02-22 16:17:42 +0000: MOVEMENT -> REQUEST: play wheels on the bus super simple songs
2026-02-22 16:17:43 +0000: MOVEMENT -> REQUEST: play disney lullabies
2026-02-22 16:17:43 +0000: MOVEMENT -> REQUEST: play wheels on the bus super simple songs
2026-02-22 16:17:43 +0000: MOVEMENT -> REQUEST: play baby shark dance
2026-02-22 16:17:44 +0000: MOVEMENT -> REQUEST: play funny baby giggling videos
2026-02-22 16:17:44 +0000: MOVEMENT -> REQUEST: play baby shark dance
2026-02-22 16:17:45 +0000: MOVEMENT -> REQUEST: play funny baby giggling videos
2026-02-22 16:17:45 +0000: MOVEMENT -> REQUEST: play disney lullabies
2026-02-22 16:17:46 +0000: MOVEMENT -> REQUEST: play baby shark dance
2026-02-22 16:17:46 +0000: MOVEMENT -> REQUEST: play baby shark dance
2026-02-22 16:17:47 +0000: MOVEMENT -> REQUEST: play wheels on the bus super simple songs
2026-02-22 16:17:47 +0000: MOVEMENT -> REQUEST: play disney lullabies
2026-02-22 16:17:48 +0000: MOVEMENT -> REQUEST: play cocomelon nursery rhymes
2026-02-22 16:17:48 +0000: MOVEMENT -> REQUEST: play funny baby giggling videos
2026-02-22 16:17:49 +0000: MOVEMENT -> REQUEST: play disney lullabies
2026-02-22 16:17:49 +0000: MOVEMENT -> REQUEST: play baby shark dance
2026-02-22 16:17:50 +0000: MOVEMENT -> REQUEST: play funny baby giggling videos
2026-02-22 16:17:50 +0000: MOVEMENT -> REQUEST: play cocomelon nursery rhymes
2026-02-22 16:17:51 +0000: MOVEMENT -> REQUEST: play funny baby giggling videos
2026-02-22 16:17:51 +0000: MOVEMENT -> REQUEST: play wheels on the bus super simple songs
2026-02-22 16:17:52 +0000: MOVEMENT -> REQUEST: play funny baby giggling videos
2026-02-22 16:17:52 +0000: MOVEMENT -> REQUEST: play cocomelon nursery rhymes
2026-02-22 16:17:52 +0000: MOVEMENT -> REQUEST: play wheels on the bus super simple songs
2026-02-22 16:17:53 +0000: MOVEMENT -> REQUEST: play wheels on the bus super simple songs
2026-02-22 16:17:53 +0000: MOVEMENT -> REQUEST: play cocomelon nursery rhymes
2026-02-22 16:17:54 +0000: MOVEMENT -> REQUEST: play funny baby giggling videos
2026-02-22 16:17:54 +0000: MOVEMENT -> REQUEST: play disney lullabies
2026-02-22 16:17:55 +0000: MOVEMENT -> REQUEST: play funny baby giggling videos
2026-02-22 16:17:55 +0000: MOVEMENT -> REQUEST: play cocomelon nursery rhymes
2026-02-22 16:17:56 +0000: MOVEMENT -> REQUEST: play baby shark dance
2026-02-22 16:17:56 +0000: MOVEMENT -> REQUEST: play baby shark dance
2026-02-22 16:17:57 +0000: MOVEMENT -> REQUEST: play wheels on the bus super simple songs
2026-02-22 16:17:57 +0000: MOVEMENT -> REQUEST: play funny baby giggling videos
2026-02-22 16:17:58 +0000: MOVEMENT -> REQUEST: play funny baby giggling videos
2026-02-22 16:17:58 +0000: MOVEMENT -> REQUEST: play wheels on the bus super simple songs
2026-02-22 16:17:59 +0000: MOVEMENT -> REQUEST: play cocomelon nursery rhymes
2026-02-22 16:17:59 +0000: MOVEMENT -> REQUEST: play wheels on the bus super simple songs
2026-02-22 16:18:00 +0000: MOVEMENT -> REQUEST: play funny baby giggling videos
2026-02-22 16:18:00 +0000: MOVEMENT -> REQUEST: play funny baby giggling videos
2026-02-22 16:18:01 +0000: MOVEMENT -> REQUEST: play disney lullabies
2026-02-22 16:18:01 +0000: MOVEMENT -> REQUEST: play wheels on the bus super simple songs
2026-02-22 16:18:01 +0000: MOVEMENT -> REQUEST: play disney lullabies
2026-02-22 16:18:02 +0000: MOVEMENT -> REQUEST: play baby shark dance
2026-02-22 16:18:02 +0000: MOVEMENT -> REQUEST: play funny baby giggling videos
2026-02-22 16:18:03 +0000: MOVEMENT -> REQUEST: play disney lullabies
2026-02-22 16:18:03 +0000: MOVEMENT -> REQUEST: play wheels on the bus super simple songs
2026-02-22 16:18:04 +0000: MOVEMENT -> REQUEST: play wheels on the bus super simple songs
2026-02-22 16:18:04 +0000: MOVEMENT -> REQUEST: play disney lullabies
2026-02-22 16:18:05 +0000: MOVEMENT -> REQUEST: play wheels on the bus super simple songs
2026-02-22 16:18:05 +0000: MOVEMENT -> REQUEST: play cocomelon nursery rhymes
2026-02-22 16:18:06 +0000: MOVEMENT -> REQUEST: play wheels on the bus super simple songs
2026-02-22 16:18:06 +0000: MOVEMENT -> REQUEST: play cocomelon nursery rhymes
2026-02-22 16:18:07 +0000: MOVEMENT -> REQUEST: play funny baby giggling videos
2026-02-22 16:18:07 +0000: MOVEMENT -> REQUEST: play cocomelon nursery rhymes
2026-02-22 16:18:08 +0000: MOVEMENT -> REQUEST: play wheels on the bus super simple songs
2026-02-22 16:18:08 +0000: MOVEMENT -> REQUEST: play funny baby giggling videos
2026-02-22 16:18:09 +0000: MOVEMENT -> REQUEST: play funny baby giggling videos
2026-02-22 16:18:09 +0000: MOVEMENT -> REQUEST: play wheels on the bus super simple songs
2026-02-22 16:18:10 +0000: MOVEMENT -> REQUEST: play baby shark dance
2026-02-22 16:18:10 +0000: MOVEMENT -> REQUEST: play cocomelon nursery rhymes
2026-02-22 16:18:10 +0000: MOVEMENT -> REQUEST: play wheels on the bus super simple songs
2026-02-22 16:18:11 +0000: MOVEMENT -> REQUEST: play baby shark dance
2026-02-22 16:18:11 +0000: MOVEMENT -> REQUEST: play cocomelon nursery rhymes
2026-02-22 16:18:12 +0000: MOVEMENT -> REQUEST: play disney lullabies
2026-02-22 16:18:12 +0000: MOVEMENT -> REQUEST: play wheels on the bus super simple songs
2026-02-22 16:18:13 +0000: MOVEMENT -> REQUEST: play funny baby giggling videos
2026-02-22 16:18:13 +0000: MOVEMENT -> REQUEST: play cocomelon nursery rhymes
2026-02-22 16:18:14 +0000: MOVEMENT -> REQUEST: play wheels on the bus super simple songs
2026-02-22 16:18:14 +0000: MOVEMENT -> REQUEST: play wheels on the bus super simple songs
2026-02-22 16:18:15 +0000: MOVEMENT -> REQUEST: play baby shark dance
2026-02-22 16:18:15 +0000: MOVEMENT -> REQUEST: play baby shark dance
2026-02-22 16:18:16 +0000: MOVEMENT -> REQUEST: play disney lullabies
2026-02-22 16:18:16 +0000: MOVEMENT -> REQUEST: play baby shark dance
2026-02-22 16:18:17 +0000: MOVEMENT -> REQUEST: play cocomelon nursery rhymes
2026-02-22 16:18:17 +0000: MOVEMENT -> REQUEST: play baby shark dance
2026-02-22 16:18:18 +0000: MOVEMENT -> REQUEST: play wheels on the bus super simple songs
2026-02-22 16:18:18 +0000: MOVEMENT -> REQUEST: play cocomelon nursery rhymes
2026-02-22 16:18:19 +0000: MOVEMENT -> REQUEST: play disney lullabies
2026-02-22 16:18:19 +0000: MOVEMENT -> REQUEST: play baby shark dance
2026-02-22 16:18:19 +0000: MOVEMENT -> REQUEST: play funny baby giggling videos
2026-02-22 16:18:20 +0000: MOVEMENT -> REQUEST: play cocomelon nursery rhymes
2026-02-22 16:18:20 +0000: MOVEMENT -> REQUEST: play cocomelon nursery rhymes
2026-02-22 16:18:21 +0000: MOVEMENT -> REQUEST: play funny baby giggling videos
2026-02-22 16:18:21 +0000: MOVEMENT -> REQUEST: play cocomelon nursery rhymes
2026-02-22 16:18:22 +0000: MOVEMENT -> REQUEST: play wheels on the bus super simple songs
2026-02-22 16:18:22 +0000: MOVEMENT -> REQUEST: play cocomelon nursery rhymes
2026-02-22 16:18:23 +0000: MOVEMENT -> REQUEST: play cocomelon nursery rhymes
2026-02-22 16:18:23 +0000: MOVEMENT -> REQUEST: play disney lullabies
2026-02-22 16:18:24 +0000: MOVEMENT -> REQUEST: play wheels on the bus super simple songs
2026-02-22 16:18:24 +0000: MOVEMENT -> REQUEST: play disney lullabies
2026-02-22 16:18:25 +0000: MOVEMENT -> REQUEST: play wheels on the bus super simple songs
2026-02-22 16:18:25 +0000: MOVEMENT -> REQUEST: play baby shark dance
2026-02-22 16:18:26 +0000: MOVEMENT -> REQUEST: play disney lullabies
2026-02-22 16:18:26 +0000: MOVEMENT -> REQUEST: play disney lullabies
2026-02-22 16:18:27 +0000: MOVEMENT -> REQUEST: play cocomelon nursery rhymes
2026-02-22 16:18:27 +0000: MOVEMENT -> REQUEST: play funny baby giggling videos
2026-02-22 16:18:28 +0000: MOVEMENT -> REQUEST: play disney lullabies
2026-02-22 16:18:28 +0000: MOVEMENT -> REQUEST: play funny baby giggling videos
2026-02-22 16:18:28 +0000: MOVEMENT -> REQUEST: play baby shark dance
2026-02-22 16:18:29 +0000: MOVEMENT -> REQUEST: play baby shark dance
2026-02-22 16:18:29 +0000: MOVEMENT -> REQUEST: play wheels on the bus super simple songs
2026-02-22 16:18:30 +0000: MOVEMENT -> REQUEST: play baby shark dance
2026-02-22 16:18:30 +0000: MOVEMENT -> REQUEST: play baby shark dance
2026-02-22 16:18:31 +0000: MOVEMENT -> REQUEST: play baby shark dance
2026-02-22 16:18:31 +0000: MOVEMENT -> REQUEST: play cocomelon nursery rhymes
2026-02-22 16:18:32 +0000: MOVEMENT -> REQUEST: play cocomelon nursery rhymes
2026-02-22 16:18:32 +0000: MOVEMENT -> REQUEST: play cocomelon nursery rhymes
2026-02-22 16:18:33 +0000: MOVEMENT -> REQUEST: play cocomelon nursery rhymes
2026-02-22 16:18:33 +0000: MOVEMENT -> REQUEST: play wheels on the bus super simple songs
2026-02-22 16:18:34 +0000: MOVEMENT -> REQUEST: play cocomelon nursery rhymes
2026-02-22 16:18:34 +0000: MOVEMENT -> REQUEST: play baby shark dance
2026-02-22 16:18:35 +0000: MOVEMENT -> REQUEST: play cocomelon nursery rhymes
2026-02-22 16:18:35 +0000: MOVEMENT -> REQUEST: play wheels on the bus super simple songs
2026-02-22 16:18:36 +0000: MOVEMENT -> REQUEST: play baby shark dance
2026-02-22 16:18:36 +0000: MOVEMENT -> REQUEST: play wheels on the bus super simple songs
2026-02-22 16:18:37 +0000: MOVEMENT -> REQUEST: play cocomelon nursery rhymes
2026-02-22 16:18:37 +0000: MOVEMENT -> REQUEST: play baby shark dance
2026-02-22 16:18:37 +0000: MOVEMENT -> REQUEST: play funny baby giggling videos
2026-02-22 16:18:38 +0000: MOVEMENT -> REQUEST: play funny baby giggling videos
2026-02-22 16:18:38 +0000: MOVEMENT -> REQUEST: play baby shark dance
2026-02-22 16:18:39 +0000: MOVEMENT -> REQUEST: play disney lullabies
2026-02-22 16:18:39 +0000: MOVEMENT -> REQUEST: play wheels on the bus super simple songs
2026-02-22 16:18:40 +0000: MOVEMENT -> REQUEST: play baby shark dance
2026-02-22 16:18:40 +0000: MOVEMENT -> REQUEST: play funny baby giggling videos
2026-02-22 16:18:41 +0000: MOVEMENT -> REQUEST: play cocomelon nursery rhymes
2026-02-22 16:18:41 +0000: MOVEMENT -> REQUEST: play wheels on the bus super simple songs
2026-02-22 16:18:42 +0000: MOVEMENT -> REQUEST: play baby shark dance
2026-02-22 16:18:42 +0000: MOVEMENT -> REQUEST: play baby shark dance
2026-02-22 16:18:43 +0000: MOVEMENT -> REQUEST: play cocomelon nursery rhymes
2026-02-22 16:18:43 +0000: MOVEMENT -> REQUEST: play cocomelon nursery rhymes
2026-02-22 16:18:44 +0000: MOVEMENT -> REQUEST: play wheels on the bus super simple songs
2026-02-22 16:18:44 +0000: MOVEMENT -> REQUEST: play cocomelon nursery rhymes
2026-02-22 16:18:45 +0000: MOVEMENT -> REQUEST: play disney lullabies
2026-02-22 16:18:54 +0000: MOVEMENT -> REQUEST: play wheels on the bus super simple songs
2026-02-22 16:18:55 +0000: MOVEMENT -> REQUEST: play wheels on the bus super simple songs
2026-02-22 16:18:56 +0000: MOVEMENT -> REQUEST: play funny baby giggling videos
2026-02-22 16:18:56 +0000: MOVEMENT -> REQUEST: play baby shark dance
2026-02-22 16:18:58 +0000: MOVEMENT -> REQUEST: play cocomelon nursery rhymes
2026-02-22 16:18:59 +0000: MOVEMENT -> REQUEST: play wheels on the bus super simple songs
2026-02-22 16:18:59 +0000: MOVEMENT -> REQUEST: play baby shark dance
2026-02-22 16:19:00 +0000: MOVEMENT -> REQUEST: play baby shark dance
2026-02-22 16:19:00 +0000: MOVEMENT -> REQUEST: play funny baby giggling videos
2026-02-22 16:19:01 +0000: MOVEMENT -> REQUEST: play cocomelon nursery rhymes
2026-02-22 16:19:01 +0000: MOVEMENT -> REQUEST: play funny baby giggling videos
2026-02-22 16:19:02 +0000: MOVEMENT -> REQUEST: play baby shark dance
2026-02-22 16:19:02 +0000: MOVEMENT -> REQUEST: play wheels on the bus super simple songs
2026-02-22 16:19:03 +0000: MOVEMENT -> REQUEST: play funny baby giggling videos
2026-02-22 16:19:03 +0000: MOVEMENT -> REQUEST: play funny baby giggling videos
2026-02-22 16:19:04 +0000: MOVEMENT -> REQUEST: play baby shark dance
2026-02-22 16:19:04 +0000: MOVEMENT -> REQUEST: play funny baby giggling videos
2026-02-22 16:19:04 +0000: MOVEMENT -> REQUEST: play funny baby giggling videos
2026-02-22 16:19:05 +0000: MOVEMENT -> REQUEST: play funny baby giggling videos
2026-02-22 16:19:05 +0000: MOVEMENT -> REQUEST: play funny baby giggling videos
2026-02-22 16:19:06 +0000: MOVEMENT -> REQUEST: play funny baby giggling videos
2026-02-22 16:19:06 +0000: MOVEMENT -> REQUEST: play funny baby giggling videos
2026-02-22 16:19:07 +0000: MOVEMENT -> REQUEST: play cocomelon nursery rhymes
2026-02-22 16:19:07 +0000: MOVEMENT -> REQUEST: play baby shark dance
2026-02-22 16:19:08 +0000: MOVEMENT -> REQUEST: play baby shark dance
2026-02-22 16:19:08 +0000: MOVEMENT -> REQUEST: play baby shark dance
2026-02-22 16:19:09 +0000: MOVEMENT -> REQUEST: play cocomelon nursery rhymes
2026-02-22 16:19:09 +0000: MOVEMENT -> REQUEST: play disney lullabies
2026-02-22 16:19:10 +0000: MOVEMENT -> REQUEST: play disney lullabies
2026-02-22 16:19:10 +0000: MOVEMENT -> REQUEST: play wheels on the bus super simple songs
2026-02-22 16:19:11 +0000: MOVEMENT -> REQUEST: play funny baby giggling videos
2026-02-22 16:19:11 +0000: MOVEMENT -> REQUEST: play wheels on the bus super simple songs
2026-02-22 16:19:12 +0000: MOVEMENT -> REQUEST: play wheels on the bus super simple songs
2026-02-22 16:19:12 +0000: MOVEMENT -> REQUEST: play baby shark dance
2026-02-22 16:19:12 +0000: MOVEMENT -> REQUEST: play baby shark dance
2026-02-22 16:19:13 +0000: MOVEMENT -> REQUEST: play wheels on the bus super simple songs
2026-02-22 16:19:13 +0000: MOVEMENT -> REQUEST: play funny baby giggling videos
2026-02-22 16:19:14 +0000: MOVEMENT -> REQUEST: play funny baby giggling videos
2026-02-22 16:19:14 +0000: MOVEMENT -> REQUEST: play baby shark dance
2026-02-22 16:19:15 +0000: MOVEMENT -> REQUEST: play baby shark dance
2026-02-22 16:19:15 +0000: MOVEMENT -> REQUEST: play funny baby giggling videos
2026-02-22 16:19:16 +0000: MOVEMENT -> REQUEST: play baby shark dance
2026-02-22 16:19:16 +0000: MOVEMENT -> REQUEST: play funny baby giggling videos
2026-02-22 16:19:17 +0000: MOVEMENT -> REQUEST: play wheels on the bus super simple songs
2026-02-22 16:19:17 +0000: MOVEMENT -> REQUEST: play baby shark dance
2026-02-22 16:19:18 +0000: MOVEMENT -> REQUEST: play wheels on the bus super simple songs
2026-02-22 16:19:18 +0000: MOVEMENT -> REQUEST: play funny baby giggling videos
2026-02-22 16:19:19 +0000: MOVEMENT -> REQUEST: play baby shark dance
2026-02-22 16:19:19 +0000: MOVEMENT -> REQUEST: play cocomelon nursery rhymes
2026-02-22 16:19:20 +0000: MOVEMENT -> REQUEST: play funny baby giggling videos
2026-02-22 16:19:20 +0000: MOVEMENT -> REQUEST: play disney lullabies
2026-02-22 16:19:21 +0000: MOVEMENT -> REQUEST: play cocomelon nursery rhymes
2026-02-22 16:19:21 +0000: MOVEMENT -> REQUEST: play funny baby giggling videos
2026-02-22 16:19:22 +0000: MOVEMENT -> REQUEST: play wheels on the bus super simple songs
2026-02-22 16:19:22 +0000: MOVEMENT -> REQUEST: play disney lullabies
2026-02-22 16:19:22 +0000: MOVEMENT -> REQUEST: play wheels on the bus super simple songs
2026-02-22 16:19:23 +0000: MOVEMENT -> REQUEST: play baby shark dance
2026-02-22 16:19:23 +0000: MOVEMENT -> REQUEST: play cocomelon nursery rhymes
2026-02-22 16:19:24 +0000: MOVEMENT -> REQUEST: play wheels on the bus super simple songs
2026-02-22 16:19:24 +0000: MOVEMENT -> REQUEST: play disney lullabies
2026-02-22 16:19:25 +0000: MOVEMENT -> REQUEST: play cocomelon nursery rhymes
2026-02-22 16:19:25 +0000: MOVEMENT -> REQUEST: play funny baby giggling videos
2026-02-22 16:19:26 +0000: MOVEMENT -> REQUEST: play cocomelon nursery rhymes
2026-02-22 16:19:26 +0000: MOVEMENT -> REQUEST: play funny baby giggling videos
2026-02-22 16:19:27 +0000: MOVEMENT -> REQUEST: play disney lullabies
2026-02-22 16:19:27 +0000: MOVEMENT -> REQUEST: play disney lullabies
2026-02-22 16:19:28 +0000: MOVEMENT -> REQUEST: play wheels on the bus super simple songs
2026-02-22 16:19:28 +0000: MOVEMENT -> REQUEST: play wheels on the bus super simple songs
2026-02-22 16:19:29 +0000: MOVEMENT -> REQUEST: play wheels on the bus super simple songs
2026-02-22 16:19:29 +0000: MOVEMENT -> REQUEST: play baby shark dance
2026-02-22 16:19:30 +0000: MOVEMENT -> REQUEST: play wheels on the bus super simple songs
2026-02-22 16:19:30 +0000: MOVEMENT -> REQUEST: play cocomelon nursery rhymes
2026-02-22 16:19:30 +0000: MOVEMENT -> REQUEST: play funny baby giggling videos
2026-02-22 16:19:31 +0000: MOVEMENT -> REQUEST: play cocomelon nursery rhymes
2026-02-22 16:19:31 +0000: MOVEMENT -> REQUEST: play disney lullabies
2026-02-22 16:19:32 +0000: MOVEMENT -> REQUEST: play disney lullabies
2026-02-22 16:19:32 +0000: MOVEMENT -> REQUEST: play wheels on the bus super simple songs
2026-02-22 16:19:33 +0000: MOVEMENT -> REQUEST: play wheels on the bus super simple songs
2026-02-22 16:19:33 +0000: MOVEMENT -> REQUEST: play cocomelon nursery rhymes
2026-02-22 16:19:34 +0000: MOVEMENT -> REQUEST: play cocomelon nursery rhymes
2026-02-22 16:19:34 +0000: MOVEMENT -> REQUEST: play cocomelon nursery rhymes
2026-02-22 16:19:35 +0000: MOVEMENT -> REQUEST: play wheels on the bus super simple songs
2026-02-22 16:19:35 +0000: MOVEMENT -> REQUEST: play cocomelon nursery rhymes
2026-02-22 16:19:36 +0000: MOVEMENT -> REQUEST: play funny baby giggling videos
2026-02-22 16:19:36 +0000: MOVEMENT -> REQUEST: play wheels on the bus super simple songs
2026-02-22 16:19:37 +0000: MOVEMENT -> REQUEST: play funny baby giggling videos
2026-02-22 16:19:37 +0000: MOVEMENT -> REQUEST: play cocomelon nursery rhymes
2026-02-22 16:19:38 +0000: MOVEMENT -> REQUEST: play disney lullabies
2026-02-22 16:19:38 +0000: MOVEMENT -> REQUEST: play disney lullabies
2026-02-22 16:19:39 +0000: MOVEMENT -> REQUEST: play disney lullabies
2026-02-22 16:19:39 +0000: MOVEMENT -> REQUEST: play wheels on the bus super simple songs
2026-02-22 16:19:40 +0000: MOVEMENT -> REQUEST: play baby shark dance
2026-02-22 16:19:40 +0000: MOVEMENT -> REQUEST: play baby shark dance
2026-02-22 16:19:40 +0000: MOVEMENT -> REQUEST: play disney lullabies
2026-02-22 16:19:41 +0000: MOVEMENT -> REQUEST: play disney lullabies
2026-02-22 16:19:41 +0000: MOVEMENT -> REQUEST: play funny baby giggling videos
2026-02-22 16:19:42 +0000: MOVEMENT -> REQUEST: play disney lullabies
2026-02-22 16:19:42 +0000: MOVEMENT -> REQUEST: play funny baby giggling videos
2026-02-22 16:19:43 +0000: MOVEMENT -> REQUEST: play disney lullabies
2026-02-22 16:19:43 +0000: MOVEMENT -> REQUEST: play wheels on the bus super simple songs
2026-02-22 16:19:44 +0000: MOVEMENT -> REQUEST: play baby shark dance
2026-02-22 16:19:44 +0000: MOVEMENT -> REQUEST: play cocomelon nursery rhymes
2026-02-22 16:19:45 +0000: MOVEMENT -> REQUEST: play disney lullabies
2026-02-22 16:19:45 +0000: MOVEMENT -> REQUEST: play disney lullabies
2026-02-22 16:19:46 +0000: MOVEMENT -> REQUEST: play funny baby giggling videos
2026-02-22 16:19:46 +0000: MOVEMENT -> REQUEST: play cocomelon nursery rhymes
2026-02-22 16:19:47 +0000: MOVEMENT -> REQUEST: play cocomelon nursery rhymes
2026-02-22 16:19:47 +0000: MOVEMENT -> REQUEST: play baby shark dance
2026-02-22 16:19:48 +0000: MOVEMENT -> REQUEST: play wheels on the bus super simple songs
2026-02-22 16:19:48 +0000: MOVEMENT -> REQUEST: play cocomelon nursery rhymes
2026-02-22 16:19:48 +0000: MOVEMENT -> REQUEST: play funny baby giggling videos
2026-02-22 16:19:49 +0000: MOVEMENT -> REQUEST: play wheels on the bus super simple songs
2026-02-22 16:19:49 +0000: MOVEMENT -> REQUEST: play funny baby giggling videos
2026-02-22 16:19:50 +0000: MOVEMENT -> REQUEST: play baby shark dance
2026-02-22 16:19:50 +0000: MOVEMENT -> REQUEST: play baby shark dance
2026-02-22 16:19:51 +0000: MOVEMENT -> REQUEST: play disney lullabies
2026-02-22 16:19:51 +0000: MOVEMENT -> REQUEST: play cocomelon nursery rhymes
2026-02-22 16:19:52 +0000: MOVEMENT -> REQUEST: play baby shark dance
2026-02-22 16:19:52 +0000: MOVEMENT -> REQUEST: play cocomelon nursery rhymes
2026-02-22 16:19:53 +0000: MOVEMENT -> REQUEST: play cocomelon nursery rhymes
2026-02-22 16:19:53 +0000: MOVEMENT -> REQUEST: play baby shark dance
2026-02-22 16:19:54 +0000: MOVEMENT -> REQUEST: play baby shark dance
2026-02-22 16:19:54 +0000: MOVEMENT -> REQUEST: play wheels on the bus super simple songs
2026-02-22 16:19:56 +0000: MOVEMENT -> REQUEST: play baby shark dance
2026-02-22 16:19:56 +0000: MOVEMENT -> REQUEST: play funny baby giggling videos
2026-02-22 16:19:57 +0000: MOVEMENT -> REQUEST: play cocomelon nursery rhymes
2026-02-22 16:19:57 +0000: MOVEMENT -> REQUEST: play cocomelon nursery rhymes
2026-02-22 16:19:57 +0000: MOVEMENT -> REQUEST: play baby shark dance
2026-02-22 16:19:58 +0000: MOVEMENT -> REQUEST: play disney lullabies
2026-02-22 16:19:58 +0000: MOVEMENT -> REQUEST: play disney lullabies
2026-02-22 16:19:59 +0000: MOVEMENT -> REQUEST: play disney lullabies
2026-02-22 16:19:59 +0000: MOVEMENT -> REQUEST: play cocomelon nursery rhymes
2026-02-22 16:19:59 +0000: MOVEMENT -> REQUEST: play wheels on the bus super simple songs
2026-02-22 16:20:00 +0000: MOVEMENT -> REQUEST: play funny baby giggling videos
2026-02-22 16:20:00 +0000: MOVEMENT -> REQUEST: play baby shark dance
2026-02-22 16:20:00 +0000: MOVEMENT -> REQUEST: play wheels on the bus super simple songs
2026-02-22 16:20:01 +0000: MOVEMENT -> REQUEST: play wheels on the bus super simple songs
2026-02-22 16:20:01 +0000: MOVEMENT -> REQUEST: play funny baby giggling videos
2026-02-22 16:20:02 +0000: MOVEMENT -> REQUEST: play wheels on the bus super simple songs
2026-02-22 16:20:02 +0000: MOVEMENT -> REQUEST: play baby shark dance
2026-02-22 16:20:02 +0000: MOVEMENT -> REQUEST: play disney lullabies
2026-02-22 16:20:03 +0000: MOVEMENT -> REQUEST: play funny baby giggling videos
2026-02-22 16:20:03 +0000: MOVEMENT -> REQUEST: play baby shark dance
2026-02-22 16:20:03 +0000: MOVEMENT -> REQUEST: play wheels on the bus super simple songs
2026-02-22 16:20:04 +0000: MOVEMENT -> REQUEST: play disney lullabies
2026-02-22 16:20:04 +0000: MOVEMENT -> REQUEST: play baby shark dance
2026-02-22 16:20:05 +0000: MOVEMENT -> REQUEST: play funny baby giggling videos
2026-02-22 16:20:05 +0000: MOVEMENT -> REQUEST: play cocomelon nursery rhymes
2026-02-22 16:20:05 +0000: MOVEMENT -> REQUEST: play disney lullabies
2026-02-22 16:20:06 +0000: MOVEMENT -> REQUEST: play disney lullabies
2026-02-22 16:20:06 +0000: MOVEMENT -> REQUEST: play cocomelon nursery rhymes
2026-02-22 16:20:07 +0000: MOVEMENT -> REQUEST: play disney lullabies
2026-02-22 16:20:07 +0000: MOVEMENT -> REQUEST: play baby shark dance
2026-02-22 16:20:07 +0000: MOVEMENT -> REQUEST: play funny baby giggling videos
2026-02-22 16:20:08 +0000: MOVEMENT -> REQUEST: play cocomelon nursery rhymes
2026-02-22 16:20:08 +0000: MOVEMENT -> REQUEST: play funny baby giggling videos
2026-02-22 16:20:08 +0000: MOVEMENT -> REQUEST: play disney lullabies
2026-02-22 16:20:09 +0000: MOVEMENT -> REQUEST: play baby shark dance
2026-02-22 16:20:09 +0000: MOVEMENT -> REQUEST: play funny baby giggling videos
2026-02-22 16:20:10 +0000: MOVEMENT -> REQUEST: play baby shark dance
2026-02-22 16:20:10 +0000: MOVEMENT -> REQUEST: play cocomelon nursery rhymes
2026-02-22 16:20:10 +0000: MOVEMENT -> REQUEST: play baby shark dance
2026-02-22 16:20:11 +0000: MOVEMENT -> REQUEST: play wheels on the bus super simple songs
2026-02-22 16:20:11 +0000: MOVEMENT -> REQUEST: play funny baby giggling videos
2026-02-22 16:20:11 +0000: MOVEMENT -> REQUEST: play cocomelon nursery rhymes
2026-02-22 16:20:12 +0000: MOVEMENT -> REQUEST: play baby shark dance
2026-02-22 16:20:12 +0000: MOVEMENT -> REQUEST: play cocomelon nursery rhymes
2026-02-22 16:20:13 +0000: MOVEMENT -> REQUEST: play wheels on the bus super simple songs
2026-02-22 16:20:13 +0000: MOVEMENT -> REQUEST: play wheels on the bus super simple songs
2026-02-22 16:20:13 +0000: MOVEMENT -> REQUEST: play funny baby giggling videos
2026-02-22 16:20:14 +0000: MOVEMENT -> REQUEST: play funny baby giggling videos
2026-02-22 16:20:14 +0000: MOVEMENT -> REQUEST: play funny baby giggling videos
2026-02-22 16:20:14 +0000: MOVEMENT -> REQUEST: play funny baby giggling videos
2026-02-22 16:20:15 +0000: MOVEMENT -> REQUEST: play wheels on the bus super simple songs
2026-02-22 16:20:15 +0000: MOVEMENT -> REQUEST: play funny baby giggling videos
2026-02-22 16:20:16 +0000: MOVEMENT -> REQUEST: play baby shark dance
2026-02-22 16:20:16 +0000: MOVEMENT -> REQUEST: play baby shark dance
2026-02-22 16:20:16 +0000: MOVEMENT -> REQUEST: play baby shark dance
2026-02-22 16:20:17 +0000: MOVEMENT -> REQUEST: play funny baby giggling videos
2026-02-22 16:20:17 +0000: MOVEMENT -> REQUEST: play cocomelon nursery rhymes
2026-02-22 16:20:17 +0000: MOVEMENT -> REQUEST: play baby shark dance
2026-02-22 16:20:18 +0000: MOVEMENT -> REQUEST: play disney lullabies
2026-02-22 16:20:18 +0000: MOVEMENT -> REQUEST: play cocomelon nursery rhymes
2026-02-22 16:20:19 +0000: MOVEMENT -> REQUEST: play funny baby giggling videos
2026-02-22 16:20:19 +0000: MOVEMENT -> REQUEST: play baby shark dance
2026-02-22 16:20:19 +0000: MOVEMENT -> REQUEST: play wheels on the bus super simple songs
2026-02-22 16:20:20 +0000: MOVEMENT -> REQUEST: play disney lullabies
2026-02-22 16:20:20 +0000: MOVEMENT -> REQUEST: play cocomelon nursery rhymes
2026-02-22 16:20:21 +0000: MOVEMENT -> REQUEST: play baby shark dance
2026-02-22 16:20:21 +0000: MOVEMENT -> REQUEST: play disney lullabies
2026-02-22 16:20:21 +0000: MOVEMENT -> REQUEST: play wheels on the bus super simple songs
2026-02-22 16:20:22 +0000: MOVEMENT -> REQUEST: play cocomelon nursery rhymes
2026-02-22 16:20:22 +0000: MOVEMENT -> REQUEST: play cocomelon nursery rhymes
2026-02-22 16:20:22 +0000: MOVEMENT -> REQUEST: play disney lullabies
2026-02-22 16:20:23 +0000: MOVEMENT -> REQUEST: play disney lullabies
2026-02-22 16:20:23 +0000: MOVEMENT -> REQUEST: play cocomelon nursery rhymes
2026-02-22 16:20:24 +0000: MOVEMENT -> REQUEST: play wheels on the bus super simple songs
2026-02-22 16:20:24 +0000: MOVEMENT -> REQUEST: play baby shark dance
2026-02-22 16:20:24 +0000: MOVEMENT -> REQUEST: play baby shark dance
2026-02-22 16:20:25 +0000: MOVEMENT -> REQUEST: play disney lullabies
2026-02-22 16:20:25 +0000: MOVEMENT -> REQUEST: play disney lullabies
2026-02-22 16:20:25 +0000: MOVEMENT -> REQUEST: play disney lullabies
2026-02-22 16:20:26 +0000: MOVEMENT -> REQUEST: play cocomelon nursery rhymes
2026-02-22 16:20:26 +0000: MOVEMENT -> REQUEST: play cocomelon nursery rhymes
2026-02-22 16:20:27 +0000: MOVEMENT -> REQUEST: play wheels on the bus super simple songs
2026-02-22 16:20:27 +0000: MOVEMENT -> REQUEST: play cocomelon nursery rhymes
2026-02-22 16:20:27 +0000: MOVEMENT -> REQUEST: play disney lullabies
2026-02-22 16:20:28 +0000: MOVEMENT -> REQUEST: play cocomelon nursery rhymes
2026-02-22 16:20:28 +0000: MOVEMENT -> REQUEST: play funny baby giggling videos
2026-02-22 16:20:28 +0000: MOVEMENT -> REQUEST: play wheels on the bus super simple songs
2026-02-22 16:20:29 +0000: MOVEMENT -> REQUEST: play wheels on the bus super simple songs
2026-02-22 16:20:29 +0000: MOVEMENT -> REQUEST: play baby shark dance
2026-02-22 16:20:30 +0000: MOVEMENT -> REQUEST: play wheels on the bus super simple songs
2026-02-22 16:20:30 +0000: MOVEMENT -> REQUEST: play cocomelon nursery rhymes
2026-02-22 16:20:30 +0000: MOVEMENT -> REQUEST: play funny baby giggling videos
2026-02-22 16:20:31 +0000: MOVEMENT -> REQUEST: play disney lullabies
2026-02-22 16:20:31 +0000: MOVEMENT -> REQUEST: play disney lullabies
2026-02-22 16:20:32 +0000: MOVEMENT -> REQUEST: play funny baby giggling videos
2026-02-22 16:20:32 +0000: MOVEMENT -> REQUEST: play wheels on the bus super simple songs
2026-02-22 16:20:32 +0000: MOVEMENT -> REQUEST: play disney lullabies
2026-02-22 16:20:33 +0000: MOVEMENT -> REQUEST: play wheels on the bus super simple songs
2026-02-22 16:20:33 +0000: MOVEMENT -> REQUEST: play disney lullabies
2026-02-22 16:20:33 +0000: MOVEMENT -> REQUEST: play baby shark dance
2026-02-22 16:20:34 +0000: MOVEMENT -> REQUEST: play cocomelon nursery rhymes
2026-02-22 16:20:34 +0000: MOVEMENT -> REQUEST: play funny baby giggling videos
2026-02-22 16:20:35 +0000: MOVEMENT -> REQUEST: play disney lullabies
2026-02-22 16:20:35 +0000: MOVEMENT -> REQUEST: play baby shark dance
2026-02-22 16:20:35 +0000: MOVEMENT -> REQUEST: play wheels on the bus super simple songs
2026-02-22 16:20:36 +0000: MOVEMENT -> REQUEST: play funny baby giggling videos
2026-02-22 16:20:36 +0000: MOVEMENT -> REQUEST: play cocomelon nursery rhymes
2026-02-22 16:20:36 +0000: MOVEMENT -> REQUEST: play funny baby giggling videos
2026-02-22 16:20:37 +0000: MOVEMENT -> REQUEST: play funny baby giggling videos
2026-02-22 16:20:37 +0000: MOVEMENT -> REQUEST: play disney lullabies
2026-02-22 16:20:38 +0000: MOVEMENT -> REQUEST: play baby shark dance
2026-02-22 16:20:38 +0000: MOVEMENT -> REQUEST: play cocomelon nursery rhymes
2026-02-22 16:20:38 +0000: MOVEMENT -> REQUEST: play disney lullabies
2026-02-22 16:20:39 +0000: MOVEMENT -> REQUEST: play disney lullabies
2026-02-22 16:20:39 +0000: MOVEMENT -> REQUEST: play cocomelon nursery rhymes
2026-02-22 16:20:39 +0000: MOVEMENT -> REQUEST: play disney lullabies
2026-02-22 16:20:40 +0000: MOVEMENT -> REQUEST: play funny baby giggling videos
2026-02-22 16:20:40 +0000: MOVEMENT -> REQUEST: play wheels on the bus super simple songs
2026-02-22 16:20:41 +0000: MOVEMENT -> REQUEST: play cocomelon nursery rhymes
2026-02-22 16:20:41 +0000: MOVEMENT -> REQUEST: play wheels on the bus super simple songs
2026-02-22 16:20:41 +0000: MOVEMENT -> REQUEST: play baby shark dance
2026-02-22 16:20:42 +0000: MOVEMENT -> REQUEST: play disney lullabies
2026-02-22 16:20:42 +0000: MOVEMENT -> REQUEST: play funny baby giggling videos
2026-02-22 16:20:42 +0000: MOVEMENT -> REQUEST: play cocomelon nursery rhymes
2026-02-22 16:20:43 +0000: MOVEMENT -> REQUEST: play baby shark dance
2026-02-22 16:20:43 +0000: MOVEMENT -> REQUEST: play cocomelon nursery rhymes
2026-02-22 16:20:44 +0000: MOVEMENT -> REQUEST: play cocomelon nursery rhymes
2026-02-22 16:20:44 +0000: MOVEMENT -> REQUEST: play wheels on the bus super simple songs
2026-02-22 16:20:44 +0000: MOVEMENT -> REQUEST: play baby shark dance
2026-02-22 16:20:45 +0000: MOVEMENT -> REQUEST: play baby shark dance
2026-02-22 16:20:45 +0000: MOVEMENT -> REQUEST: play baby shark dance
2026-02-22 16:20:46 +0000: MOVEMENT -> REQUEST: play cocomelon nursery rhymes
2026-02-22 16:20:46 +0000: MOVEMENT -> REQUEST: play funny baby giggling videos
2026-02-22 16:20:46 +0000: MOVEMENT -> REQUEST: play baby shark dance
2026-02-22 16:20:47 +0000: MOVEMENT -> REQUEST: play funny baby giggling videos
2026-02-22 16:20:47 +0000: MOVEMENT -> REQUEST: play wheels on the bus super simple songs
2026-02-22 16:20:47 +0000: MOVEMENT -> REQUEST: play funny baby giggling videos
2026-02-22 16:20:48 +0000: MOVEMENT -> REQUEST: play baby shark dance
2026-02-22 16:20:48 +0000: MOVEMENT -> REQUEST: play baby shark dance
2026-02-22 16:20:49 +0000: MOVEMENT -> REQUEST: play baby shark dance
2026-02-22 16:20:49 +0000: MOVEMENT -> REQUEST: play cocomelon nursery rhymes
2026-02-22 16:20:49 +0000: MOVEMENT -> REQUEST: play wheels on the bus super simple songs
2026-02-22 16:20:50 +0000: MOVEMENT -> REQUEST: play baby shark dance
2026-02-22 16:20:50 +0000: MOVEMENT -> REQUEST: play wheels on the bus super simple songs
2026-02-22 16:20:50 +0000: MOVEMENT -> REQUEST: play baby shark dance
2026-02-22 16:20:51 +0000: MOVEMENT -> REQUEST: play wheels on the bus super simple songs
2026-02-22 16:20:51 +0000: MOVEMENT -> REQUEST: play wheels on the bus super simple songs
2026-02-22 16:20:52 +0000: MOVEMENT -> REQUEST: play disney lullabies
2026-02-22 16:20:52 +0000: MOVEMENT -> REQUEST: play disney lullabies
2026-02-22 16:20:52 +0000: MOVEMENT -> REQUEST: play funny baby giggling videos
2026-02-22 16:20:53 +0000: MOVEMENT -> REQUEST: play cocomelon nursery rhymes
2026-02-22 16:20:53 +0000: MOVEMENT -> REQUEST: play funny baby giggling videos
2026-02-22 16:20:53 +0000: MOVEMENT -> REQUEST: play funny baby giggling videos
2026-02-22 16:20:54 +0000: MOVEMENT -> REQUEST: play cocomelon nursery rhymes
2026-02-22 16:20:54 +0000: MOVEMENT -> REQUEST: play baby shark dance
2026-02-22 16:20:55 +0000: MOVEMENT -> REQUEST: play disney lullabies
2026-02-22 16:20:55 +0000: MOVEMENT -> REQUEST: play disney lullabies
2026-02-22 16:20:55 +0000: MOVEMENT -> REQUEST: play baby shark dance
2026-02-22 16:20:56 +0000: MOVEMENT -> REQUEST: play disney lullabies
2026-02-22 16:20:56 +0000: MOVEMENT -> REQUEST: play baby shark dance
2026-02-22 16:20:57 +0000: MOVEMENT -> REQUEST: play baby shark dance
2026-02-22 16:20:57 +0000: MOVEMENT -> REQUEST: play cocomelon nursery rhymes
2026-02-22 16:20:57 +0000: MOVEMENT -> REQUEST: play disney lullabies
2026-02-22 16:20:58 +0000: MOVEMENT -> REQUEST: play baby shark dance
2026-02-22 16:20:58 +0000: MOVEMENT -> REQUEST: play funny baby giggling videos
2026-02-22 16:20:58 +0000: MOVEMENT -> REQUEST: play funny baby giggling videos
2026-02-22 16:20:59 +0000: MOVEMENT -> REQUEST: play cocomelon nursery rhymes
2026-02-22 16:20:59 +0000: MOVEMENT -> REQUEST: play baby shark dance
2026-02-22 16:21:00 +0000: MOVEMENT -> REQUEST: play baby shark dance
2026-02-22 16:21:00 +0000: MOVEMENT -> REQUEST: play baby shark dance
2026-02-22 16:21:00 +0000: MOVEMENT -> REQUEST: play funny baby giggling videos
2026-02-22 16:21:01 +0000: MOVEMENT -> REQUEST: play cocomelon nursery rhymes
2026-02-22 16:21:01 +0000: MOVEMENT -> REQUEST: play funny baby giggling videos
2026-02-22 16:21:01 +0000: MOVEMENT -> REQUEST: play disney lullabies
2026-02-22 16:21:02 +0000: MOVEMENT -> REQUEST: play funny baby giggling videos
2026-02-22 16:21:02 +0000: MOVEMENT -> REQUEST: play baby shark dance
2026-02-22 16:21:03 +0000: MOVEMENT -> REQUEST: play cocomelon nursery rhymes
2026-02-22 16:21:03 +0000: MOVEMENT -> REQUEST: play disney lullabies
2026-02-22 16:21:03 +0000: MOVEMENT -> REQUEST: play wheels on the bus super simple songs
2026-02-22 16:21:04 +0000: MOVEMENT -> REQUEST: play disney lullabies
2026-02-22 16:21:04 +0000: MOVEMENT -> REQUEST: play cocomelon nursery rhymes
2026-02-22 16:21:04 +0000: MOVEMENT -> REQUEST: play disney lullabies
2026-02-22 16:21:05 +0000: MOVEMENT -> REQUEST: play funny baby giggling videos
2026-02-22 16:21:05 +0000: MOVEMENT -> REQUEST: play funny baby giggling videos
2026-02-22 16:21:06 +0000: MOVEMENT -> REQUEST: play funny baby giggling videos
2026-02-22 16:21:06 +0000: MOVEMENT -> REQUEST: play disney lullabies
2026-02-22 16:21:06 +0000: MOVEMENT -> REQUEST: play cocomelon nursery rhymes
2026-02-22 16:21:07 +0000: MOVEMENT -> REQUEST: play funny baby giggling videos
2026-02-22 16:21:07 +0000: MOVEMENT -> REQUEST: play cocomelon nursery rhymes
2026-02-22 16:21:07 +0000: MOVEMENT -> REQUEST: play wheels on the bus super simple songs
2026-02-22 16:21:08 +0000: MOVEMENT -> REQUEST: play funny baby giggling videos
2026-02-22 16:21:09 +0000: MOVEMENT -> REQUEST: play cocomelon nursery rhymes
2026-02-22 16:21:09 +0000: MOVEMENT -> REQUEST: play baby shark dance
2026-02-22 16:21:09 +0000: MOVEMENT -> REQUEST: play baby shark dance
2026-02-22 16:21:10 +0000: MOVEMENT -> REQUEST: play cocomelon nursery rhymes
2026-02-22 16:21:10 +0000: MOVEMENT -> REQUEST: play baby shark dance
2026-02-22 16:21:11 +0000: MOVEMENT -> REQUEST: play funny baby giggling videos
2026-02-22 16:21:11 +0000: MOVEMENT -> REQUEST: play wheels on the bus super simple songs
2026-02-22 16:21:11 +0000: MOVEMENT -> REQUEST: play wheels on the bus super simple songs
2026-02-22 16:21:12 +0000: MOVEMENT -> REQUEST: play cocomelon nursery rhymes
2026-02-22 16:21:12 +0000: MOVEMENT -> REQUEST: play funny baby giggling videos
2026-02-22 16:21:12 +0000: MOVEMENT -> REQUEST: play cocomelon nursery rhymes
2026-02-22 16:21:13 +0000: MOVEMENT -> REQUEST: play cocomelon nursery rhymes
2026-02-22 16:21:13 +0000: MOVEMENT -> REQUEST: play funny baby giggling videos
2026-02-22 16:21:14 +0000: MOVEMENT -> REQUEST: play funny baby giggling videos
2026-02-22 16:21:14 +0000: MOVEMENT -> REQUEST: play funny baby giggling videos
2026-02-22 16:21:14 +0000: MOVEMENT -> REQUEST: play baby shark dance
2026-02-22 16:21:15 +0000: MOVEMENT -> REQUEST: play cocomelon nursery rhymes
2026-02-22 16:21:15 +0000: MOVEMENT -> REQUEST: play disney lullabies
2026-02-22 16:21:15 +0000: MOVEMENT -> REQUEST: play funny baby giggling videos
2026-02-22 16:21:16 +0000: MOVEMENT -> REQUEST: play baby shark dance
2026-02-22 16:21:16 +0000: MOVEMENT -> REQUEST: play funny baby giggling videos
2026-02-22 16:21:17 +0000: MOVEMENT -> REQUEST: play wheels on the bus super simple songs
2026-02-22 16:21:17 +0000: MOVEMENT -> REQUEST: play disney lullabies
2026-02-22 16:21:17 +0000: MOVEMENT -> REQUEST: play baby shark dance
2026-02-22 16:21:18 +0000: MOVEMENT -> REQUEST: play funny baby giggling videos
2026-02-22 16:21:18 +0000: MOVEMENT -> REQUEST: play wheels on the bus super simple songs
2026-02-22 16:21:18 +0000: MOVEMENT -> REQUEST: play cocomelon nursery rhymes
2026-02-22 16:21:19 +0000: MOVEMENT -> REQUEST: play wheels on the bus super simple songs
2026-02-22 16:21:19 +0000: MOVEMENT -> REQUEST: play funny baby giggling videos
2026-02-22 16:21:20 +0000: MOVEMENT -> REQUEST: play wheels on the bus super simple songs
2026-02-22 16:21:20 +0000: MOVEMENT -> REQUEST: play funny baby giggling videos
2026-02-22 16:21:20 +0000: MOVEMENT -> REQUEST: play cocomelon nursery rhymes
2026-02-22 16:21:21 +0000: MOVEMENT -> REQUEST: play disney lullabies
2026-02-22 16:21:21 +0000: MOVEMENT -> REQUEST: play baby shark dance
2026-02-22 16:21:21 +0000: MOVEMENT -> REQUEST: play wheels on the bus super simple songs
2026-02-22 16:21:22 +0000: MOVEMENT -> REQUEST: play disney lullabies
2026-02-22 16:21:59 +0000: MOVEMENT -> REQUEST: play cocomelon nursery rhymes
2026-02-22 16:21:59 +0000: MOVEMENT -> REQUEST: play wheels on the bus super simple songs
2026-02-22 16:22:00 +0000: MOVEMENT -> REQUEST: play cocomelon nursery rhymes
2026-02-22 16:22:00 +0000: MOVEMENT -> REQUEST: play disney lullabies
2026-02-22 16:22:00 +0000: MOVEMENT -> REQUEST: play funny baby giggling videos
2026-02-22 16:22:01 +0000: MOVEMENT -> REQUEST: play baby shark dance
2026-02-22 16:22:01 +0000: MOVEMENT -> REQUEST: play cocomelon nursery rhymes
2026-02-22 16:22:02 +0000: MOVEMENT -> REQUEST: play wheels on the bus super simple songs
2026-02-22 16:22:02 +0000: MOVEMENT -> REQUEST: play funny baby giggling videos
2026-02-22 16:22:03 +0000: MOVEMENT -> REQUEST: play cocomelon nursery rhymes
2026-02-22 16:22:03 +0000: MOVEMENT -> REQUEST: play baby shark dance
2026-02-22 16:22:04 +0000: MOVEMENT -> REQUEST: play cocomelon nursery rhymes
2026-02-22 16:22:04 +0000: MOVEMENT -> REQUEST: play funny baby giggling videos
2026-02-22 16:22:05 +0000: MOVEMENT -> REQUEST: play baby shark dance
2026-02-22 16:22:05 +0000: MOVEMENT -> REQUEST: play funny baby giggling videos
2026-02-22 16:22:06 +0000: MOVEMENT -> REQUEST: play cocomelon nursery rhymes
2026-02-22 16:22:06 +0000: MOVEMENT -> REQUEST: play disney lullabies
2026-02-22 16:22:07 +0000: MOVEMENT -> REQUEST: play cocomelon nursery rhymes
2026-02-22 16:22:07 +0000: MOVEMENT -> REQUEST: play cocomelon nursery rhymes
2026-02-22 16:22:08 +0000: MOVEMENT -> REQUEST: play baby shark dance
2026-02-22 16:22:08 +0000: MOVEMENT -> REQUEST: play wheels on the bus super simple songs
2026-02-22 16:22:09 +0000: MOVEMENT -> REQUEST: play funny baby giggling videos
2026-02-22 16:22:09 +0000: MOVEMENT -> REQUEST: play cocomelon nursery rhymes
2026-02-22 16:22:09 +0000: MOVEMENT -> REQUEST: play baby shark dance
2026-02-22 16:22:10 +0000: MOVEMENT -> REQUEST: play wheels on the bus super simple songs
2026-02-22 16:22:10 +0000: MOVEMENT -> REQUEST: play cocomelon nursery rhymes
2026-02-22 16:22:11 +0000: MOVEMENT -> REQUEST: play baby shark dance
2026-02-22 16:22:11 +0000: MOVEMENT -> REQUEST: play cocomelon nursery rhymes
2026-02-22 16:22:12 +0000: MOVEMENT -> REQUEST: play wheels on the bus super simple songs
2026-02-22 16:22:12 +0000: MOVEMENT -> REQUEST: play baby shark dance
2026-02-22 16:22:13 +0000: MOVEMENT -> REQUEST: play wheels on the bus super simple songs
2026-02-22 16:22:13 +0000: MOVEMENT -> REQUEST: play baby shark dance
2026-02-22 16:22:14 +0000: MOVEMENT -> REQUEST: play disney lullabies
2026-02-22 16:22:14 +0000: MOVEMENT -> REQUEST: play funny baby giggling videos
2026-02-22 16:22:15 +0000: MOVEMENT -> REQUEST: play wheels on the bus super simple songs
2026-02-22 16:22:15 +0000: MOVEMENT -> REQUEST: play cocomelon nursery rhymes
2026-02-22 16:22:16 +0000: MOVEMENT -> REQUEST: play funny baby giggling videos
2026-02-22 16:22:16 +0000: MOVEMENT -> REQUEST: play funny baby giggling videos
2026-02-22 16:22:17 +0000: MOVEMENT -> REQUEST: play baby shark dance
2026-02-22 16:22:17 +0000: MOVEMENT -> REQUEST: play disney lullabies
2026-02-22 16:22:18 +0000: MOVEMENT -> REQUEST: play funny baby giggling videos
2026-02-22 16:22:18 +0000: MOVEMENT -> REQUEST: play baby shark dance
2026-02-22 16:22:18 +0000: MOVEMENT -> REQUEST: play disney lullabies
2026-02-22 16:22:19 +0000: MOVEMENT -> REQUEST: play baby shark dance
2026-02-22 16:22:19 +0000: MOVEMENT -> REQUEST: play disney lullabies
2026-02-22 16:22:20 +0000: MOVEMENT -> REQUEST: play cocomelon nursery rhymes
2026-02-22 16:22:20 +0000: MOVEMENT -> REQUEST: play disney lullabies
2026-02-22 16:22:21 +0000: MOVEMENT -> REQUEST: play disney lullabies
2026-02-22 16:22:21 +0000: MOVEMENT -> REQUEST: play disney lullabies
2026-02-22 16:22:22 +0000: MOVEMENT -> REQUEST: play wheels on the bus super simple songs
2026-02-22 16:22:22 +0000: MOVEMENT -> REQUEST: play wheels on the bus super simple songs
2026-02-22 16:22:23 +0000: MOVEMENT -> REQUEST: play wheels on the bus super simple songs
2026-02-22 16:22:23 +0000: MOVEMENT -> REQUEST: play baby shark dance
2026-02-22 16:22:24 +0000: MOVEMENT -> REQUEST: play cocomelon nursery rhymes
2026-02-22 16:22:24 +0000: MOVEMENT -> REQUEST: play disney lullabies
2026-02-22 16:22:25 +0000: MOVEMENT -> REQUEST: play wheels on the bus super simple songs
2026-02-22 16:22:25 +0000: MOVEMENT -> REQUEST: play wheels on the bus super simple songs
2026-02-22 16:22:26 +0000: MOVEMENT -> REQUEST: play wheels on the bus super simple songs
2026-02-22 16:22:26 +0000: MOVEMENT -> REQUEST: play wheels on the bus super simple songs
2026-02-22 16:22:27 +0000: MOVEMENT -> REQUEST: play disney lullabies
2026-02-22 16:22:27 +0000: MOVEMENT -> REQUEST: play wheels on the bus super simple songs
2026-02-22 16:22:27 +0000: MOVEMENT -> REQUEST: play funny baby giggling videos
2026-02-22 16:22:28 +0000: MOVEMENT -> REQUEST: play funny baby giggling videos
2026-02-22 16:22:28 +0000: MOVEMENT -> REQUEST: play wheels on the bus super simple songs
2026-02-22 16:22:29 +0000: MOVEMENT -> REQUEST: play baby shark dance
2026-02-22 16:22:29 +0000: MOVEMENT -> REQUEST: play wheels on the bus super simple songs
2026-02-22 16:22:30 +0000: MOVEMENT -> REQUEST: play funny baby giggling videos
2026-02-22 16:22:30 +0000: MOVEMENT -> REQUEST: play baby shark dance
2026-02-22 16:22:31 +0000: MOVEMENT -> REQUEST: play cocomelon nursery rhymes
2026-02-22 16:22:31 +0000: MOVEMENT -> REQUEST: play disney lullabies
2026-02-22 16:22:32 +0000: MOVEMENT -> REQUEST: play cocomelon nursery rhymes
2026-02-22 16:22:32 +0000: MOVEMENT -> REQUEST: play disney lullabies
2026-02-22 16:22:33 +0000: MOVEMENT -> REQUEST: play disney lullabies
2026-02-22 16:22:34 +0000: MOVEMENT -> REQUEST: play funny baby giggling videos
2026-02-22 16:22:35 +0000: MOVEMENT -> REQUEST: play disney lullabies
2026-02-22 16:22:36 +0000: MOVEMENT -> REQUEST: play wheels on the bus super simple songs
2026-02-22 16:22:36 +0000: MOVEMENT -> REQUEST: play cocomelon nursery rhymes
2026-02-22 16:22:36 +0000: MOVEMENT -> REQUEST: play wheels on the bus super simple songs
2026-02-22 16:22:37 +0000: MOVEMENT -> REQUEST: play funny baby giggling videos
2026-02-22 16:22:53 +0000: MOVEMENT -> REQUEST: play disney lullabies
2026-02-22 16:22:53 +0000: MOVEMENT -> REQUEST: play funny baby giggling videos
2026-02-22 16:22:54 +0000: MOVEMENT -> REQUEST: play wheels on the bus super simple songs
2026-02-22 16:22:54 +0000: MOVEMENT -> REQUEST: play baby shark dance
2026-02-22 16:22:55 +0000: MOVEMENT -> REQUEST: play cocomelon nursery rhymes
2026-02-22 16:22:56 +0000: MOVEMENT -> REQUEST: play baby shark dance
2026-02-22 16:22:57 +0000: MOVEMENT -> REQUEST: play funny baby giggling videos
2026-02-22 16:22:59 +0000: MOVEMENT -> REQUEST: play baby shark dance
2026-02-22 16:22:59 +0000: MOVEMENT -> REQUEST: play funny baby giggling videos
2026-02-22 16:23:00 +0000: MOVEMENT -> REQUEST: play cocomelon nursery rhymes
2026-02-22 16:23:00 +0000: MOVEMENT -> REQUEST: play cocomelon nursery rhymes
2026-02-22 16:23:01 +0000: MOVEMENT -> REQUEST: play cocomelon nursery rhymes
2026-02-22 16:23:01 +0000: MOVEMENT -> REQUEST: play funny baby giggling videos
2026-02-22 16:23:02 +0000: MOVEMENT -> REQUEST: play funny baby giggling videos
2026-02-22 16:23:02 +0000: MOVEMENT -> REQUEST: play disney lullabies
2026-02-22 16:23:02 +0000: MOVEMENT -> REQUEST: play baby shark dance
2026-02-22 16:23:03 +0000: MOVEMENT -> REQUEST: play disney lullabies
2026-02-22 16:23:03 +0000: MOVEMENT -> REQUEST: play cocomelon nursery rhymes
2026-02-22 16:23:04 +0000: MOVEMENT -> REQUEST: play disney lullabies
2026-02-22 16:23:04 +0000: MOVEMENT -> REQUEST: play wheels on the bus super simple songs
2026-02-22 16:23:05 +0000: MOVEMENT -> REQUEST: play disney lullabies
2026-02-22 16:23:06 +0000: MOVEMENT -> REQUEST: play funny baby giggling videos
2026-02-22 16:23:06 +0000: MOVEMENT -> REQUEST: play funny baby giggling videos
2026-02-22 16:23:07 +0000: MOVEMENT -> REQUEST: play cocomelon nursery rhymes
2026-02-22 16:23:07 +0000: MOVEMENT -> REQUEST: play wheels on the bus super simple songs
2026-02-22 16:23:08 +0000: MOVEMENT -> REQUEST: play wheels on the bus super simple songs
2026-02-22 16:23:08 +0000: MOVEMENT -> REQUEST: play wheels on the bus super simple songs
2026-02-22 16:23:09 +0000: MOVEMENT -> REQUEST: play wheels on the bus super simple songs
2026-02-22 16:23:09 +0000: MOVEMENT -> REQUEST: play baby shark dance
2026-02-22 16:23:10 +0000: MOVEMENT -> REQUEST: play disney lullabies
2026-02-22 16:23:10 +0000: MOVEMENT -> REQUEST: play wheels on the bus super simple songs
2026-02-22 16:23:11 +0000: MOVEMENT -> REQUEST: play baby shark dance
2026-02-22 16:23:11 +0000: MOVEMENT -> REQUEST: play wheels on the bus super simple songs
2026-02-22 16:23:11 +0000: MOVEMENT -> REQUEST: play wheels on the bus super simple songs
2026-02-22 16:23:12 +0000: MOVEMENT -> REQUEST: play baby shark dance
2026-02-22 16:23:13 +0000: MOVEMENT -> REQUEST: play funny baby giggling videos
2026-02-22 16:23:14 +0000: MOVEMENT -> REQUEST: play disney lullabies
2026-02-22 16:23:14 +0000: MOVEMENT -> REQUEST: play funny baby giggling videos
2026-02-22 16:23:15 +0000: MOVEMENT -> REQUEST: play cocomelon nursery rhymes
2026-02-22 16:23:15 +0000: MOVEMENT -> REQUEST: play cocomelon nursery rhymes
2026-02-22 16:23:16 +0000: MOVEMENT -> REQUEST: play funny baby giggling videos
2026-02-22 16:23:16 +0000: MOVEMENT -> REQUEST: play wheels on the bus super simple songs
2026-02-22 16:23:17 +0000: MOVEMENT -> REQUEST: play cocomelon nursery rhymes
2026-02-22 16:23:17 +0000: MOVEMENT -> REQUEST: play wheels on the bus super simple songs
2026-02-22 16:23:18 +0000: MOVEMENT -> REQUEST: play disney lullabies
2026-02-22 16:23:18 +0000: MOVEMENT -> REQUEST: play funny baby giggling videos
2026-02-22 16:23:19 +0000: MOVEMENT -> REQUEST: play disney lullabies
2026-02-22 16:23:19 +0000: MOVEMENT -> REQUEST: play disney lullabies
2026-02-22 16:23:20 +0000: MOVEMENT -> REQUEST: play cocomelon nursery rhymes
2026-02-22 16:23:20 +0000: MOVEMENT -> REQUEST: play cocomelon nursery rhymes
2026-02-22 16:23:20 +0000: MOVEMENT -> REQUEST: play cocomelon nursery rhymes
2026-02-22 16:23:21 +0000: MOVEMENT -> REQUEST: play cocomelon nursery rhymes
2026-02-22 16:23:21 +0000: MOVEMENT -> REQUEST: play wheels on the bus super simple songs
2026-02-22 16:23:22 +0000: MOVEMENT -> REQUEST: play wheels on the bus super simple songs
2026-02-22 16:23:22 +0000: MOVEMENT -> REQUEST: play funny baby giggling videos
2026-02-22 16:23:23 +0000: MOVEMENT -> REQUEST: play funny baby giggling videos
2026-02-22 16:23:24 +0000: MOVEMENT -> REQUEST: play wheels on the bus super simple songs
2026-02-22 16:23:25 +0000: MOVEMENT -> REQUEST: play cocomelon nursery rhymes
2026-02-22 16:23:25 +0000: MOVEMENT -> REQUEST: play funny baby giggling videos
2026-02-22 16:23:26 +0000: MOVEMENT -> REQUEST: play disney lullabies
2026-02-22 16:23:26 +0000: MOVEMENT -> REQUEST: play wheels on the bus super simple songs
2026-02-22 16:23:27 +0000: MOVEMENT -> REQUEST: play disney lullabies
2026-02-22 16:23:27 +0000: MOVEMENT -> REQUEST: play funny baby giggling videos
2026-02-22 16:23:28 +0000: MOVEMENT -> REQUEST: play baby shark dance
2026-02-22 16:23:28 +0000: MOVEMENT -> REQUEST: play baby shark dance
2026-02-22 16:23:29 +0000: MOVEMENT -> REQUEST: play baby shark dance
Sun Feb 22 2026 11:42:02 GMT-0500 (Eastern Standard Time): MOVEMENT (Simulated) -> REQUEST: play wheels on the bus
Sun Feb 22 2026 11:44:02 GMT-0500 (Eastern Standard Time): MOVEMENT (Simulated) -> REQUEST: play cocomelon
